1695028153742:exit
1695033175343:help
1695033190156:exit
1695034479335:help
1695034493768:minimum-free-disk-space
1695034503037:exit
1695034711762:HELP
1695034716217:help
1695034738651:to-lower-case BUDJA
1695034814917:exit
1695035082468:help
1695035093637:minimum-free-disk-space
1695035105331:free-disk-space
1695035155773:exit
1695038571595:help
1695038759930:show-photo unicorn001
1695038805790:exit
1695040320399:help
1695040329099:show-photo
1695040359872:show-photo unicorn001
1695056352819:help
1695056372290:show-photo unicorn001
1695056676000:help
1695056696474:show-photo unicorn002
1695056859267:help
1695056868246:show-photo
1695056881963:show-photo unicorn001
1695057340910:show image unicorn002
1695057374015:show-image unicorn002
1695057396446:show-photo unicorn002
1695057451750:exit
1695059837268:help
1695059857932:show-photo unicorn001
1695059886821:show-photo unicorn001.jpg
1695060263747:show-photo unicorn001
1695060294889:exit
1695060358901:show-photo unicorn001
1695060780029:show-image unicorn001
1695060801360:show-photo unicorn001
1695061334049:show-photo unicorn002
1695102389733:exit
1695314020870:help
1695314055859:upload photo unicorn003
1695316922073:help
1695317375633:upload-photo C:/Users/tchof/Downloads/cercle.jpeg
1695376297752:help
1695376317892:upload-photo
1695376405160:upload-photo C:/Users/tchof/Desktop/DCIM/Camera/IMG_20171030_150004.jpg
1695376464483:upload-photo upload-photo C:/Users/tchof/Desktop/DCIM/Camera/IMG_20171030_150004.jpg
1695376477707:upload-photo C:/Users/tchof/Desktop/DCIM/Camera/IMG_20171030_150004.jpg
1695891766099:help
1695892022230:user-home
1695894880644:help
1695894893511:user-home
1695903865108:HELP
1695903868238:help
1695903894817:minimum-free-disk-space
1696434807662:help
1696434836933:minimum-free-disk-space
1696436422354:help
1696485334045:minimum-free-disk-space
1696492657935:help
1696492670257:minimum-free-disk-space
1696493714215:stacktrace
1696493887940:minimum-free-disk-space
1696494105614:help
1696494124409:minimum-free-disk-space
1696499397405:--
1696508571625:exit
1696765074329:help
1696765171599:exists "c\\:"
1696765239775:exists "c:/"
1696765317165:exit
1696768585731:help
1696769409754:free-disk-space
1696769430763:exit
1696769559740:exists "c:/"
1696931648914:help
1696931757560:show-photo
1696931938842:show-photo schnee
1696932061346:show-photo unicorn001
1696932115371:show-photo unicorn002
1696932128112:show-photo unicorn001
1697616513088:exit
1701165878575:help
